C51 COMPILER V9.56.0.0   PROGRAM                                                           02/21/2024 18:23:42 PAGE 1   


C51 COMPILER V9.56.0.0, COMPILATION OF MODULE PROGRAM
OBJECT MODULE PLACED IN program.OBJ
COMPILER INVOKED BY: C:\Keil_v5\C51\BIN\C51.EXE program.c OPTIMIZE(8,SPEED) BROWSE DEBUG OBJECTEXTEND PRINT(.\Listings\p
                    -rogram.lst) TABS(2)

line level    source

   1          #include<reg51.h>
   2          void main()
   3          {
   4   1        char a[10]={1,2,3,4,5,6,7,8,9,0};
   5   1        int i;
   6   1        SCON=0x50;
   7   1        TMOD=0x20;
   8   1        TH1=0xFD;
   9   1        TR1=1;
  10   1        for(i=0;i<=10;i++)
  11   1          {
  12   2          TR1=1;  
  13   2        SBUF=a[i];
  14   2          }
  15   1        while(TI==0);
  16   1        TI=0;
  17   1        while(RI==0);
  18   1        RI=0;
  19   1        }


MODULE INFORMATION:   STATIC OVERLAYABLE
   CODE SIZE        =     64    ----
   CONSTANT SIZE    =     10    ----
   XDATA SIZE       =   ----    ----
   PDATA SIZE       =   ----    ----
   DATA SIZE        =   ----      10
   IDATA SIZE       =   ----    ----
   BIT SIZE         =   ----    ----
END OF MODULE INFORMATION.


C51 COMPILATION COMPLETE.  0 WARNING(S),  0 ERROR(S)
