C51 COMPILER V9.56.0.0   TIMERLED1                                                         02/21/2024 15:38:13 PAGE 1   


C51 COMPILER V9.56.0.0, COMPILATION OF MODULE TIMERLED1
OBJECT MODULE PLACED IN timerled1.OBJ
COMPILER INVOKED BY: C:\Keil_v5\C51\BIN\C51.EXE timerled1.c OPTIMIZE(8,SPEED) BROWSE DEBUG OBJECTEXTEND PRINT(.\Listings
                    -\timerled1.lst) TABS(2)

line level    source

   1          #include<reg51.h>
   2          sbit led = P2^1;
   3          void delay();
   4          void main()
   5          {
   6   1      
   7   1        while(1)
   8   1        {
   9   2        led=1;
  10   2        delay();
  11   2        led=0;
  12   2        delay();
  13   2        }
  14   1      }
  15          void delay()
  16          {
  17   1      
  18   1        TMOD=0x10;
  19   1        TR1=1;
  20   1        TH1=0x4b;
  21   1        TL1=0xfd;
  22   1        
  23   1        while(TF1=0);
*** WARNING C276 IN LINE 23 OF timerled1.c: constant in condition expression
  24   1        TR1=0;
  25   1        TF1=0;
  26   1      }


MODULE INFORMATION:   STATIC OVERLAYABLE
   CODE SIZE        =     31    ----
   CONSTANT SIZE    =   ----    ----
   XDATA SIZE       =   ----    ----
   PDATA SIZE       =   ----    ----
   DATA SIZE        =   ----    ----
   IDATA SIZE       =   ----    ----
   BIT SIZE         =   ----    ----
END OF MODULE INFORMATION.


C51 COMPILATION COMPLETE.  1 WARNING(S),  0 ERROR(S)
